SF:lib\src\config.dart
DA:10,6
DA:12,0
DA:17,0
DA:18,0
DA:19,0
DA:22,0
DA:23,0
DA:26,0
DA:31,0
DA:32,0
DA:33,0
DA:34,0
LF:12
LH:1
end_of_record
SF:lib\src\services\exceptions\not_logged_in_member_exception.dart
DA:2,1
LF:1
LH:1
end_of_record
SF:lib\src\services\member_service.dart
DA:11,1
DA:12,3
DA:13,3
DA:14,3
DA:22,1
DA:23,1
DA:24,1
DA:25,1
DA:28,1
DA:31,1
DA:33,3
DA:36,1
DA:39,1
DA:40,2
DA:46,1
DA:47,2
DA:50,1
DA:51,2
DA:54,1
DA:55,1
DA:61,1
DA:64,1
DA:65,1
DA:70,1
DA:73,1
DA:74,1
DA:76,2
DA:77,3
DA:78,2
DA:81,2
DA:82,1
DA:85,1
LF:32
LH:32
end_of_record
SF:lib\src\services\utils\headers\headers_factory.dart
DA:4,1
DA:5,1
DA:6,1
DA:7,1
DA:8,1
LF:5
LH:5
end_of_record
SF:lib\src\services\task_service.dart
DA:12,1
DA:13,3
DA:14,3
DA:17,1
DA:18,2
DA:19,3
DA:20,2
DA:21,2
DA:24,2
DA:25,3
DA:27,1
LF:11
LH:11
end_of_record
SF:lib\src\domain\member.dart
DA:2,2
LF:1
LH:1
end_of_record
SF:lib\src\domain\task.dart
DA:9,1
DA:18,1
DA:19,1
DA:20,1
DA:21,1
DA:22,1
DA:23,2
DA:25,1
DA:26,1
DA:27,1
DA:28,1
DA:29,1
DA:30,2
DA:31,1
LF:14
LH:14
end_of_record
SF:lib\src\services\utils\headers\headers_builder.dart
DA:6,1
DA:7,1
DA:10,1
DA:11,2
DA:14,1
DA:15,2
DA:17,4
DA:20,1
DA:21,3
DA:24,1
DA:25,1
LF:11
LH:11
end_of_record
SF:lib\src\views\initialpage_view.dart
DA:5,3
DA:9,1
DA:10,1
DA:23,0
DA:24,0
DA:25,0
DA:29,1
DA:31,2
DA:33,1
DA:34,1
DA:35,2
DA:37,1
DA:56,1
DA:57,1
DA:59,1
LF:15
LH:12
end_of_record
SF:lib\src\views\log_in_view.dart
DA:7,3
DA:11,0
DA:12,0
DA:13,0
DA:18,1
DA:19,1
DA:26,1
DA:28,2
DA:29,2
DA:31,1
DA:34,1
DA:36,1
DA:37,1
DA:39,1
DA:41,1
DA:42,1
DA:43,1
DA:45,1
DA:46,1
DA:51,1
DA:52,1
DA:54,1
DA:55,1
DA:59,2
DA:60,3
DA:61,2
DA:62,2
DA:63,3
LF:28
LH:25
end_of_record
SF:lib\src\views\main_view.dart
DA:5,2
DA:9,1
DA:10,1
DA:11,1
DA:16,1
LF:5
LH:5
end_of_record
SF:lib\src\views\splash_loading_view.dart
DA:9,1
DA:13,1
DA:14,1
DA:18,1
DA:20,1
DA:21,1
DA:24,1
DA:25,1
DA:26,1
DA:31,3
DA:33,1
DA:34,1
DA:36,1
DA:39,0
DA:40,0
DA:41,0
DA:43,0
DA:48,1
LF:18
LH:14
end_of_record
SF:lib\src\components\date_display.dart
DA:9,1
DA:15,1
DA:16,1
DA:20,3
DA:22,1
DA:24,2
DA:26,1
DA:27,0
DA:28,0
DA:30,0
DA:31,0
DA:32,0
DA:34,0
DA:35,0
DA:36,0
DA:38,0
DA:41,1
DA:42,1
DA:43,1
DA:44,1
DA:45,1
DA:49,1
DA:51,1
DA:53,1
DA:54,1
DA:56,1
DA:59,1
DA:60,3
DA:61,1
DA:62,1
LF:30
LH:21
end_of_record
SF:lib\src\components\decorators\text_field_decorator.dart
DA:6,1
DA:12,1
DA:14,1
DA:15,1
DA:18,1
DA:19,1
DA:20,1
DA:21,1
DA:24,1
DA:26,1
DA:27,1
DA:30,1
DA:31,1
DA:32,1
DA:35,1
DA:37,1
DA:38,1
DA:39,1
DA:42,1
DA:44,1
DA:45,1
DA:46,1
DA:49,1
DA:51,2
DA:52,0
DA:53,0
DA:54,0
DA:55,0
LF:28
LH:24
end_of_record
SF:lib\src\components\hour_and_minute_picker.dart
DA:10,1
DA:18,1
DA:19,1
DA:23,4
DA:24,4
DA:26,1
DA:28,2
DA:30,1
DA:33,1
DA:34,1
DA:37,1
DA:38,1
DA:45,0
DA:46,0
DA:48,1
DA:50,1
DA:51,2
DA:52,1
DA:53,1
DA:54,1
DA:56,1
DA:57,1
DA:68,1
DA:70,1
DA:72,1
DA:73,1
DA:79,1
DA:82,1
DA:83,1
DA:90,0
DA:91,0
DA:93,1
DA:95,1
DA:96,2
DA:97,1
DA:98,1
DA:99,1
DA:101,1
DA:102,1
LF:39
LH:35
end_of_record
SF:lib\src\components\icon_picker.dart
DA:7,0
DA:13,0
DA:15,0
DA:17,0
DA:18,0
DA:19,0
DA:21,0
DA:23,0
DA:25,0
DA:26,0
DA:28,0
DA:29,0
DA:35,0
DA:36,0
DA:42,0
DA:43,0
DA:44,0
DA:45,0
DA:46,0
DA:47,0
DA:48,0
DA:61,0
DA:66,0
DA:68,0
DA:69,0
LF:25
LH:0
end_of_record
SF:lib\src\components\rounded_icon_button.dart
DA:7,1
DA:13,1
DA:15,2
DA:17,1
DA:18,1
DA:19,1
DA:20,1
DA:21,1
DA:24,1
DA:25,1
DA:26,1
DA:27,1
DA:28,1
LF:13
LH:13
end_of_record
SF:lib\src\domain\icons.dart
DA:3,0
LF:1
LH:0
end_of_record
SF:lib\src\views\create_task.dart
DA:14,3
DA:16,1
DA:17,1
DA:34,1
DA:36,2
DA:38,1
DA:39,1
DA:40,1
DA:41,1
DA:43,1
DA:44,1
DA:49,1
DA:50,1
DA:51,2
DA:52,0
DA:56,1
DA:58,1
DA:59,1
DA:60,1
DA:61,1
DA:64,1
DA:65,1
DA:68,1
DA:69,1
DA:70,1
DA:72,1
DA:73,1
DA:74,1
DA:77,1
DA:78,1
DA:79,1
DA:81,1
DA:83,1
DA:85,1
DA:86,1
DA:93,1
DA:96,1
DA:97,1
DA:99,1
DA:100,1
DA:101,0
DA:102,0
DA:104,0
DA:105,0
DA:108,0
DA:109,0
DA:116,1
DA:117,1
DA:118,1
DA:119,1
DA:122,1
DA:123,1
DA:125,1
DA:127,0
DA:129,0
DA:130,0
DA:135,0
DA:136,0
DA:138,0
DA:139,0
DA:149,1
DA:152,1
DA:153,1
DA:154,1
DA:156,1
DA:157,1
DA:158,1
DA:161,1
DA:162,1
DA:163,1
DA:165,1
DA:166,1
DA:167,1
DA:169,1
DA:170,1
DA:177,1
DA:178,1
DA:179,1
DA:180,0
DA:181,0
DA:183,0
DA:184,0
DA:188,1
DA:189,1
DA:190,0
DA:191,0
DA:192,0
DA:199,1
DA:200,1
DA:201,1
DA:202,1
DA:203,1
DA:206,1
DA:207,1
DA:209,1
DA:210,1
DA:211,1
DA:214,2
DA:216,0
DA:217,0
DA:218,0
DA:221,1
DA:223,1
DA:224,1
DA:229,1
DA:230,1
DA:231,1
DA:237,1
DA:238,0
DA:239,0
DA:240,0
DA:243,0
DA:245,0
DA:247,0
DA:249,0
DA:251,0
DA:252,0
DA:253,0
DA:257,1
DA:258,1
DA:261,1
DA:262,1
DA:264,2
DA:265,1
DA:266,1
DA:267,1
DA:271,0
DA:272,0
DA:273,0
DA:274,0
DA:277,0
DA:278,0
DA:279,0
DA:280,0
DA:281,0
DA:282,0
DA:283,0
DA:284,0
DA:285,0
DA:290,0
DA:291,0
DA:296,1
DA:298,1
DA:299,1
LF:144
LH:95
end_of_record
SF:lib\src\views\homepage_view.dart
DA:9,2
DA:11,1
DA:12,1
DA:20,1
DA:22,2
DA:24,1
DA:25,1
DA:26,1
DA:27,1
DA:28,3
DA:29,1
DA:30,1
DA:34,1
DA:36,1
DA:37,1
DA:39,1
DA:41,1
DA:42,1
DA:44,2
DA:47,1
DA:53,1
DA:54,0
DA:55,0
DA:57,0
DA:60,1
DA:61,2
DA:66,1
DA:67,3
DA:69,1
DA:71,1
DA:72,1
DA:73,1
DA:75,1
DA:77,1
DA:78,1
DA:79,1
DA:80,1
DA:81,1
DA:82,1
DA:86,1
DA:87,1
DA:93,1
DA:94,1
DA:95,2
DA:97,0
DA:98,0
DA:99,0
DA:100,0
DA:103,0
DA:104,0
DA:105,0
DA:106,0
DA:110,0
DA:111,0
DA:113,1
DA:114,1
DA:116,1
DA:117,1
DA:119,1
DA:123,1
DA:124,1
DA:127,1
DA:128,1
DA:132,1
DA:133,1
DA:137,1
DA:138,1
DA:142,1
DA:143,1
DA:149,1
DA:152,1
DA:154,1
DA:163,1
DA:164,1
DA:166,1
DA:167,1
DA:168,1
DA:170,1
DA:171,1
DA:180,1
DA:181,1
DA:182,1
DA:183,1
DA:186,0
DA:187,1
DA:188,1
DA:189,2
DA:194,1
DA:195,1
DA:198,0
DA:199,1
DA:200,1
DA:201,2
DA:208,1
DA:210,1
DA:216,1
DA:217,1
DA:218,1
DA:219,1
DA:220,0
DA:221,1
DA:222,1
DA:224,2
LF:103
LH:87
end_of_record
